<?xml version="1.0" encoding="UTF-8"?>
<!-- Generated by org.testng.reporters.JUnitReportReporter -->
<testsuite hostname="DESKTOP-ELFDVU0" failures="0" tests="1" name="com.Amazon.Testcases.SelectAProductFromLandingPage" time="27.665" errors="0" timestamp="2021-02-07T21:24:33 MST" skipped="0">
  <testcase classname="com.Amazon.Testcases.SelectAProductFromLandingPage" name="VerifyProductInLandingPage" time="27.665"/>
  <system-out>
Selected Item:Echo Show 5 -- Smart display with Alexa – stay connected with video calling - Charcoal Clicked on addto cart for selected item clicked on nothanks button in popup  </system-out>
</testsuite> <!-- com.Amazon.Testcases.SelectAProductFromLandingPage -->
