<?xml version="1.0" encoding="UTF-8"?>
<!-- Generated by org.testng.reporters.JUnitXMLReporter -->
<testsuite ignored="0" hostname="DESKTOP-ELFDVU0" failures="0" tests="2" name="Default test" time="6.031" errors="0" timestamp="2021-02-17T20:19:21 MST">
  <testcase classname="com.google.Testcases.VerifyGoogleSearch" name="verifytheSearchResults" time="2.79"/>
  <testcase classname="com.google.Testcases.VerifyGoogleSearch" name="verifytheSearchResults" time="2.459"/>
</testsuite> <!-- Default test -->
